<?xml version="1.0" encoding="UTF-8"?>
<!-- Generated by org.testng.reporters.JUnitReportReporter -->
<testsuite skipped="0" hostname="Rishabh-PC" name="testcases.JeansTest" tests="12" failures="0" timestamp="25 Feb 2022 20:33:31 GMT" time="10.981" errors="0">
  <testcase name="findProduct" time="3.287" classname="testcases.JeansTest"/>
  <testcase name="findProduct" time="4.256" classname="testcases.JeansTest"/>
  <testcase name="originalPriceList" time="0.254" classname="testcases.JeansTest"/>
  <testcase name="discountedPriceList" time="0.494" classname="testcases.JeansTest"/>
  <testcase name="nameList" time="0.226" classname="testcases.JeansTest"/>
  <testcase name="originalPriceList" time="0.262" classname="testcases.JeansTest"/>
  <testcase name="nameList" time="0.212" classname="testcases.JeansTest"/>
  <testcase name="discountedPriceList" time="0.515" classname="testcases.JeansTest"/>
  <testcase name="details" time="0.543" classname="testcases.JeansTest"/>
  <testcase name="details" time="0.483" classname="testcases.JeansTest"/>
  <testcase name="highPriceJeans" time="0.223" classname="testcases.JeansTest"/>
  <testcase name="highPriceJeans" time="0.226" classname="testcases.JeansTest"/>
</testsuite> <!-- testcases.JeansTest -->
